<?xml version="1.0" encoding="UTF-8"?>
<testsuite xmlns:xsi="http://www.w3.org/2001/XMLSchema-instance" xsi:noNamespaceSchemaLocation="https://maven.apache.org/surefire/maven-surefire-plugin/xsd/surefire-test-report-3.0.xsd" version="3.0" name="TestSuite" time="22.588" tests="1" errors="0" skipped="0" failures="1">
  <properties>
[...]
</properties>
  <testcase name="runScenario[&quot;Adding two products from the store page and one product from search bar&quot;, &quot;Add products to cart&quot;](1)" classname="runner.TestRunner" time="16.265">
    <failure message="element click intercepted: Element &lt;button _ngcontent-ng-c274647506=&quot;&quot; class=&quot;add-to-cart&quot;&gt;...&lt;/button&gt; is not clickable at point (363, 667). Other element would receive the click: &lt;div _ngcontent-ng-c1228648176=&quot;&quot; class=&quot;modal-overlay&quot;&gt;...&lt;/div&gt;&#10;  (Session info: chrome=131.0.6778.86)&#10;Build info: version: &apos;4.27.0&apos;, revision: &apos;d6e718d134&apos;&#10;System info: os.name: &apos;Windows 10&apos;, os.arch: &apos;amd64&apos;, os.version: &apos;10.0&apos;, java.version: &apos;22.0.2&apos;&#10;Driver info: org.openqa.selenium.chrome.ChromeDriver&#10;Command: [016003eebdd4a2bdb2af819ca9b8f366, clickElement {id=f.8E2DF8F6464CDCD9CF552CC808302D39.d.34877D93C320D192A6BF9F2DD820E7CD.e.333}]&#10;Capabilities {acceptInsecureCerts: false, browserName: chrome, browserVersion: 131.0.6778.86, chrome: {chromedriverVersion: 131.0.6778.85 (3d81e41b6f3a..., userDataDir: C:\Users\atta\AppData\Local...}, fedcm:accounts: true, goog:chromeOptions: {debuggerAddress: localhost:54087}, networkConnectionEnabled: false, pageLoadStrategy: normal, platformName: windows, proxy: Proxy(), se:cdp: ws://localhost:54087/devtoo..., se:cdpVersion: 131.0.6778.86, setWindowRect: true, strictFileInteractability: false, timeouts: {implicit: 0, pageLoad: 300000, script: 30000}, unhandledPromptBehavior: dismiss and notify, webauthn:extension:credBlob: true, webauthn:extension:largeBlob: true, webauthn:extension:minPinLength: true, webauthn:extension:prf: true, webauthn:virtualAuthenticators: true}&#10;Element: [[ChromeDriver: chrome on windows (016003eebdd4a2bdb2af819ca9b8f366)] -&gt; css selector: button.add-to-cart]&#10;Session ID: 016003eebdd4a2bdb2af819ca9b8f366" type="org.openqa.selenium.ElementClickInterceptedException"><![CDATA[org.openqa.selenium.ElementClickInterceptedException: 
element click intercepted: Element <button _ngcontent-ng-c274647506="" class="add-to-cart">...</button> is not clickable at point (363, 667). Other element would receive the click: <div _ngcontent-ng-c1228648176="" class="modal-overlay">...</div>
  (Session info: chrome=131.0.6778.86)
Build info: version: '4.27.0', revision: 'd6e718d134'
System info: os.name: 'Windows 10', os.arch: 'amd64', os.version: '10.0', java.version: '22.0.2'
Driver info: org.openqa.selenium.chrome.ChromeDriver
Command: [016003eebdd4a2bdb2af819ca9b8f366, clickElement {id=f.8E2DF8F6464CDCD9CF552CC808302D39.d.34877D93C320D192A6BF9F2DD820E7CD.e.333}]
Capabilities {acceptInsecureCerts: false, browserName: chrome, browserVersion: 131.0.6778.86, chrome: {chromedriverVersion: 131.0.6778.85 (3d81e41b6f3a..., userDataDir: C:\Users\atta\AppData\Local...}, fedcm:accounts: true, goog:chromeOptions: {debuggerAddress: localhost:54087}, networkConnectionEnabled: false, pageLoadStrategy: normal, platformName: windows, proxy: Proxy(), se:cdp: ws://localhost:54087/devtoo..., se:cdpVersion: 131.0.6778.86, setWindowRect: true, strictFileInteractability: false, timeouts: {implicit: 0, pageLoad: 300000, script: 30000}, unhandledPromptBehavior: dismiss and notify, webauthn:extension:credBlob: true, webauthn:extension:largeBlob: true, webauthn:extension:minPinLength: true, webauthn:extension:prf: true, webauthn:virtualAuthenticators: true}
Element: [[ChromeDriver: chrome on windows (016003eebdd4a2bdb2af819ca9b8f366)] -> css selector: button.add-to-cart]
Session ID: 016003eebdd4a2bdb2af819ca9b8f366
	at java.base/jdk.internal.reflect.DirectConstructorHandleAccessor.newInstance(DirectConstructorHandleAccessor.java:62)
	at java.base/java.lang.reflect.Constructor.newInstanceWithCaller(Constructor.java:502)
	at java.base/java.lang.reflect.Constructor.newInstance(Constructor.java:486)
	at org.openqa.selenium.remote.ErrorCodec.decode(ErrorCodec.java:167)
	at org.openqa.selenium.remote.codec.w3c.W3CHttpResponseCodec.decode(W3CHttpResponseCodec.java:138)
	at org.openqa.selenium.remote.codec.w3c.W3CHttpResponseCodec.decode(W3CHttpResponseCodec.java:50)
	at org.openqa.selenium.remote.HttpCommandExecutor.execute(HttpCommandExecutor.java:190)
	at org.openqa.selenium.remote.service.DriverCommandExecutor.invokeExecute(DriverCommandExecutor.java:216)
	at org.openqa.selenium.remote.service.DriverCommandExecutor.execute(DriverCommandExecutor.java:174)
	at org.openqa.selenium.remote.RemoteWebDriver.execute(RemoteWebDriver.java:545)
	at org.openqa.selenium.remote.RemoteWebElement.execute(RemoteWebElement.java:223)
	at org.openqa.selenium.remote.RemoteWebElement.click(RemoteWebElement.java:76)
	at Pages.ProductPage.addProductToCart(ProductPage.java:20)
	at steps.AddProductsToCart.choose_the_required_smartphone_and_open_it_s_page(AddProductsToCart.java:63)
	at ✽.Choose the required smartphone and open it's page(file:///C:/Users/atta/IdeaProjects/VodafoneTask/src/test/java/features/AddProductsToCart.feature:12)
]]></failure>
    <system-out><![CDATA[
Scenario: Adding two products from the store page and one product from search bar &amp#27;[90m# src/test/java/features/AddProductsToCart.feature:22&amp#27;[0m
  &amp#27;[32mGiven &amp#27;[0m&amp#27;[32mBrowser open on home page&amp#27;[0m                                                 &amp#27;[90m# steps.AddProductsToCart.browser_open_on_home_page()&amp#27;[0m
  &amp#27;[32mWhen &amp#27;[0m&amp#27;[32mChoose English language and accept the cookies&amp#27;[0m                             &amp#27;[90m# steps.AddProductsToCart.choose_english_language_and_accept_the_cookies()&amp#27;[0m
  &amp#27;[32mAnd &amp#27;[0m&amp#27;[32mLogin with your account using &amp#27;[0m&amp#27;[32m&amp#27;[1m"01021870254"&amp#27;[0m&amp#27;[32m , &amp#27;[0m&amp#27;[32m&amp#27;[1m"Seeing@1st"&amp#27;[0m                  &amp#27;[90m# steps.AddProductsToCart.login_with_your_account_using(java.lang.String,java.lang.String)&amp#27;[0m
  &amp#27;[32mAnd &amp#27;[0m&amp#27;[32mFilter the products to show only TVs&amp#27;[0m                                        &amp#27;[90m# steps.AddProductsToCart.filter_the_products_to_show_only_TVs()&amp#27;[0m
  &amp#27;[32mAnd &amp#27;[0m&amp#27;[32mChoose the required TV and open it's page&amp#27;[0m                                   &amp#27;[90m# steps.AddProductsToCart.choose_the_required_tv_and_open_it_s_page()&amp#27;[0m
  &amp#27;[32mAnd &amp#27;[0m&amp#27;[32madd it to card&amp#27;[0m                                                              &amp#27;[90m# steps.AddProductsToCart.add_it_to_card()&amp#27;[0m
  &amp#27;[32mAnd &amp#27;[0m&amp#27;[32mFilter the products to show only Smartphones&amp#27;[0m                                &amp#27;[90m# steps.AddProductsToCart.filter_the_products_to_show_only_smartphones()&amp#27;[0m
  &amp#27;[31mAnd &amp#27;[0m&amp#27;[31mChoose the required smartphone and open it's page&amp#27;[0m                           &amp#27;[90m# steps.AddProductsToCart.choose_the_required_smartphone_and_open_it_s_page()&amp#27;[0m
      &amp#27;[31morg.openqa.selenium.ElementClickInterceptedException: element click intercepted: Element <button _ngcontent-ng-c274647506="" class="add-to-cart">...</button> is not clickable at point (363, 667). Other element would receive the click: <div _ngcontent-ng-c1228648176="" class="modal-overlay">...</div>
  (Session info: chrome=131.0.6778.86)
Build info: version: '4.27.0', revision: 'd6e718d134'
System info: os.name: 'Windows 10', os.arch: 'amd64', os.version: '10.0', java.version: '22.0.2'
Driver info: org.openqa.selenium.chrome.ChromeDriver
Command: [016003eebdd4a2bdb2af819ca9b8f366, clickElement {id=f.8E2DF8F6464CDCD9CF552CC808302D39.d.34877D93C320D192A6BF9F2DD820E7CD.e.333}]
Capabilities {acceptInsecureCerts: false, browserName: chrome, browserVersion: 131.0.6778.86, chrome: {chromedriverVersion: 131.0.6778.85 (3d81e41b6f3a..., userDataDir: C:\Users\atta\AppData\Local...}, fedcm:accounts: true, goog:chromeOptions: {debuggerAddress: localhost:54087}, networkConnectionEnabled: false, pageLoadStrategy: normal, platformName: windows, proxy: Proxy(), se:cdp: ws://localhost:54087/devtoo..., se:cdpVersion: 131.0.6778.86, setWindowRect: true, strictFileInteractability: false, timeouts: {implicit: 0, pageLoad: 300000, script: 30000}, unhandledPromptBehavior: dismiss and notify, webauthn:extension:credBlob: true, webauthn:extension:largeBlob: true, webauthn:extension:minPinLength: true, webauthn:extension:prf: true, webauthn:virtualAuthenticators: true}
Element: [[ChromeDriver: chrome on windows (016003eebdd4a2bdb2af819ca9b8f366)] -> css selector: button.add-to-cart]
Session ID: 016003eebdd4a2bdb2af819ca9b8f366
	at java.base/jdk.internal.reflect.DirectConstructorHandleAccessor.newInstance(DirectConstructorHandleAccessor.java:62)
	at java.base/java.lang.reflect.Constructor.newInstanceWithCaller(Constructor.java:502)
	at java.base/java.lang.reflect.Constructor.newInstance(Constructor.java:486)
	at org.openqa.selenium.remote.ErrorCodec.decode(ErrorCodec.java:167)
	at org.openqa.selenium.remote.codec.w3c.W3CHttpResponseCodec.decode(W3CHttpResponseCodec.java:138)
	at org.openqa.selenium.remote.codec.w3c.W3CHttpResponseCodec.decode(W3CHttpResponseCodec.java:50)
	at org.openqa.selenium.remote.HttpCommandExecutor.execute(HttpCommandExecutor.java:190)
	at org.openqa.selenium.remote.service.DriverCommandExecutor.invokeExecute(DriverCommandExecutor.java:216)
	at org.openqa.selenium.remote.service.DriverCommandExecutor.execute(DriverCommandExecutor.java:174)
	at org.openqa.selenium.remote.RemoteWebDriver.execute(RemoteWebDriver.java:545)
	at org.openqa.selenium.remote.RemoteWebElement.execute(RemoteWebElement.java:223)
	at org.openqa.selenium.remote.RemoteWebElement.click(RemoteWebElement.java:76)
	at Pages.ProductPage.addProductToCart(ProductPage.java:20)
	at steps.AddProductsToCart.choose_the_required_smartphone_and_open_it_s_page(AddProductsToCart.java:63)
	at ✽.Choose the required smartphone and open it's page(file:///C:/Users/atta/IdeaProjects/VodafoneTask/src/test/java/features/AddProductsToCart.feature:12)
&amp#27;[0m
  &amp#27;[36mAnd &amp#27;[0m&amp#27;[36madd it to card&amp#27;[0m                                                              &amp#27;[90m# steps.AddProductsToCart.add_it_to_card()&amp#27;[0m
  &amp#27;[36mAnd &amp#27;[0m&amp#27;[36mSearch about &amp#27;[0m&amp#27;[36m&amp#27;[1m"JBL Partybox club 120 Portable Party Speaker -Black"&amp#27;[0m&amp#27;[36m you want&amp#27;[0m &amp#27;[90m# steps.AddProductsToCart.search_about_you_want(java.lang.String)&amp#27;[0m
  &amp#27;[36mAnd &amp#27;[0m&amp#27;[36mChoose the required product and open it's page&amp#27;[0m                              &amp#27;[90m# steps.AddProductsToCart.choose_the_required_product_and_open_it_s_page()&amp#27;[0m
  &amp#27;[36mAnd &amp#27;[0m&amp#27;[36madd this product to card&amp#27;[0m                                                    &amp#27;[90m# steps.AddProductsToCart.add_this_product_to_card()&amp#27;[0m
  &amp#27;[36mThen &amp#27;[0m&amp#27;[36myou have added three products to cart&amp#27;[0m                                      &amp#27;[90m# steps.AddProductsToCart.you_have_added_three_products_to_cart()&amp#27;[0m
]]></system-out>
    <system-err><![CDATA[SLF4J: Failed to load class "org.slf4j.impl.StaticLoggerBinder".
SLF4J: Defaulting to no-operation (NOP) logger implementation
SLF4J: See http://www.slf4j.org/codes.html#StaticLoggerBinder for further details.
]]></system-err>
  </testcase>
</testsuite>